[2026-03-17 13:08:20] [ИНФО] Запуск TunDoctor в режиме: Diagnose
[2026-03-17 13:08:20] [ШАГ] Собираю полный диагностический снимок системы.
[2026-03-17 13:08:36] [ИНФО] Выполняется: netsh.exe winhttp show proxy
[2026-03-17 13:08:37] [ШАГ] Собираю сырые диагностические данные по сети.
[2026-03-17 13:08:37] [ИНФО] Выполняется: ipconfig.exe /all
[2026-03-17 13:08:37] [ИНФО] Выполняется: route.exe print
[2026-03-17 13:08:37] [ИНФО] Выполняется: netsh.exe winsock show catalog
[2026-03-17 13:08:37] [ИНФО] Выполняется: netsh.exe winsock audit trail
[2026-03-17 13:08:37] [ИНФО] Выполняется: netsh.exe interface ipv4 show interfaces
[2026-03-17 13:08:38] [ИНФО] Выполняется: netsh.exe interface ipv6 show interfaces
[2026-03-17 13:08:38] [ИНФО] Выполняется: netsh.exe advfirewall show allprofiles
[2026-03-17 13:08:38] [ИНФО] Выполняется: netcfg.exe /s n
[2026-03-17 13:08:38] [ИНФО] Выполняется: pnputil.exe /enum-devices /class Net
[2026-03-17 13:08:42] [ШАГ] Запускаю live-тесты сети и готовности VPN.
[2026-03-17 13:08:47] [ПРЕДУПРЕЖДЕНИЕ] Служба не запущена: NlaSvc: Для нормальной работы сети и VPN эта служба должна быть запущена.
[2026-03-17 13:08:47] [ПРЕДУПРЕЖДЕНИЕ] Туннельный адаптер не поднят: Подключение по локальной сети 3: Текущее состояние: Disconnected.
[2026-03-17 13:08:47] [ПРЕДУПРЕЖДЕНИЕ] Туннельный адаптер не поднят: Подключение по локальной сети 5: Текущее состояние: Disconnected.
[2026-03-17 13:08:47] [ПРЕДУПРЕЖДЕНИЕ] Туннельный адаптер не поднят: Подключение по локальной сети 2: Текущее состояние: Disconnected.
[2026-03-17 13:08:47] [ПРЕДУПРЕЖДЕНИЕ] Туннельный адаптер не поднят: Подключение по локальной сети 4: Текущее состояние: Disconnected.
[2026-03-17 13:08:47] [ПРЕДУПРЕЖДЕНИЕ] Туннельный адаптер не поднят: outline-tap0: Текущее состояние: Disconnected.
[2026-03-17 13:08:47] [ИНФО] Сторонний сетевой фильтр на Ethernet 6: Включён фильтр: oracle_VBoxNetLwf (VirtualBox NDIS6 Bridged Networking Driver)
[2026-03-17 13:08:47] [ИНФО] Сторонний сетевой фильтр на Ethernet 6: Включён фильтр: INSECURE_NPCAP (Npcap Packet Driver (NPCAP))
[2026-03-17 13:08:47] [ИНФО] Сторонний сетевой фильтр на Ethernet 6: Включён фильтр: nt_ndextlag (ExitLag LightWeight Filter)
[2026-03-17 13:08:47] [ИНФО] Сторонний сетевой фильтр на Подключение по локальной сети* 2: Включён фильтр: INSECURE_NPCAP (Npcap Packet Driver (NPCAP))
[2026-03-17 13:08:47] [ИНФО] Сторонний сетевой фильтр на Подключение по локальной сети* 2: Включён фильтр: nt_ndextlag (ExitLag LightWeight Filter)
[2026-03-17 13:08:47] [ИНФО] Сторонний сетевой фильтр на Подключение по локальной сети* 5: Включён фильтр: INSECURE_NPCAP (Npcap Packet Driver (NPCAP))
[2026-03-17 13:08:47] [ИНФО] Сторонний сетевой фильтр на Подключение по локальной сети* 5: Включён фильтр: nt_ndextlag (ExitLag LightWeight Filter)
[2026-03-17 13:08:47] [ИНФО] Сторонний сетевой фильтр на Подключение по локальной сети 3: Включён фильтр: INSECURE_NPCAP (Npcap Packet Driver (NPCAP))
[2026-03-17 13:08:47] [ИНФО] Сторонний сетевой фильтр на Подключение по локальной сети 3: Включён фильтр: nt_ndextlag (ExitLag LightWeight Filter)
[2026-03-17 13:08:47] [ИНФО] Сторонний сетевой фильтр на Подключение по локальной сети 5: Включён фильтр: INSECURE_NPCAP (Npcap Packet Driver (NPCAP))
[2026-03-17 13:08:47] [ИНФО] Сторонний сетевой фильтр на Подключение по локальной сети 5: Включён фильтр: nt_ndextlag (ExitLag LightWeight Filter)
[2026-03-17 13:08:47] [ИНФО] Сторонний сетевой фильтр на Подключение по локальной сети 2: Включён фильтр: INSECURE_NPCAP (Npcap Packet Driver (NPCAP))
[2026-03-17 13:08:47] [ИНФО] Сторонний сетевой фильтр на Подключение по локальной сети 2: Включён фильтр: nt_ndextlag (ExitLag LightWeight Filter)
[2026-03-17 13:08:47] [ИНФО] Сторонний сетевой фильтр на Ethernet 5: Включён фильтр: oracle_VBoxNetLwf (VirtualBox NDIS6 Bridged Networking Driver)
[2026-03-17 13:08:47] [ИНФО] Сторонний сетевой фильтр на Ethernet 5: Включён фильтр: INSECURE_NPCAP (Npcap Packet Driver (NPCAP))
[2026-03-17 13:08:47] [ИНФО] Сторонний сетевой фильтр на Ethernet 5: Включён фильтр: nt_ndextlag (ExitLag LightWeight Filter)
[2026-03-17 13:08:47] [ИНФО] Сторонний сетевой фильтр на Подключение по локальной сети* 4: Включён фильтр: INSECURE_NPCAP (Npcap Packet Driver (NPCAP))
[2026-03-17 13:08:47] [ИНФО] Сторонний сетевой фильтр на Подключение по локальной сети* 4: Включён фильтр: nt_ndextlag (ExitLag LightWeight Filter)
[2026-03-17 13:08:47] [ИНФО] Сторонний сетевой фильтр на Подключение по локальной сети 4: Включён фильтр: INSECURE_NPCAP (Npcap Packet Driver (NPCAP))
[2026-03-17 13:08:47] [ИНФО] Сторонний сетевой фильтр на Подключение по локальной сети 4: Включён фильтр: nt_ndextlag (ExitLag LightWeight Filter)
[2026-03-17 13:08:47] [ИНФО] Сторонний сетевой фильтр на outline-tap0: Включён фильтр: INSECURE_NPCAP (Npcap Packet Driver (NPCAP))
[2026-03-17 13:08:47] [ИНФО] Сторонний сетевой фильтр на outline-tap0: Включён фильтр: oracle_VBoxNetLwf (VirtualBox NDIS6 Bridged Networking Driver)
[2026-03-17 13:08:47] [ИНФО] Сторонний сетевой фильтр на outline-tap0: Включён фильтр: nt_ndextlag (ExitLag LightWeight Filter)
[2026-03-17 13:08:47] [ИНФО] Сторонний сетевой фильтр на Подключение по локальной сети* 3: Включён фильтр: INSECURE_NPCAP (Npcap Packet Driver (NPCAP))
[2026-03-17 13:08:47] [ИНФО] Сторонний сетевой фильтр на Подключение по локальной сети* 3: Включён фильтр: nt_ndextlag (ExitLag LightWeight Filter)
[2026-03-17 13:08:47] [ИНФО] Сторонний сетевой фильтр на AmneziaVPN: Включён фильтр: nt_ndextlag (ExitLag LightWeight Filter)
[2026-03-17 13:08:47] [ИНФО] Сторонний сетевой фильтр на AmneziaVPN: Включён фильтр: INSECURE_NPCAP (Npcap Packet Driver (NPCAP))
